app/build/intermediates/manifest_merge_blame_file/debug/manifest-merger-blame-debug-report.txt
1<?xml version="1.0" encoding="utf-8"?>
2<manifest xmlns:android="http://schemas.android.com/apk/res/android"
3    package="com.jnicovm.mercado_libre_prueba"
4    android:versionCode="1"
5    android:versionName="1.0" >
6
7    <uses-sdk
8        android:minSdkVersion="21"
8-->src\main\AndroidManifest.xml
9        android:targetSdkVersion="30" />
9-->src\main\AndroidManifest.xml
10
11    <uses-permission android:name="android.permission.INTERNET" />
11-->src\main\AndroidManifest.xml:6:5-66
11-->src\main\AndroidManifest.xml:6:22-64
12
13    <application
13-->src\main\AndroidManifest.xml:8:5-25:19
14        android:name="com.jnicovm.mercado_libre_prueba.app.MyApplication"
14-->src\main\AndroidManifest.xml:10:9-42
15        android:appComponentFactory="androidx.core.app.CoreComponentFactory"
15-->[androidx.core:core:1.3.2] AndroidManifest.xml:24:18-86
16        android:debuggable="true"
17        android:icon="@mipmap/ic_launcher"
17-->src\main\AndroidManifest.xml:11:9-43
18        android:label="@string/app_name"
18-->src\main\AndroidManifest.xml:12:9-41
19        android:roundIcon="@mipmap/ic_launcher_round"
19-->src\main\AndroidManifest.xml:13:9-54
20        android:supportsRtl="true"
20-->src\main\AndroidManifest.xml:14:9-35
21        android:testOnly="true"
22        android:theme="@style/Theme.Mercadolibreprueba"
22-->src\main\AndroidManifest.xml:15:9-56
23        android:usesCleartextTraffic="true" >
23-->src\main\AndroidManifest.xml:9:9-44
24        <activity android:name="com.jnicovm.mercado_libre_prueba.activities.searchActivities.SearchActivity" >
24-->src\main\AndroidManifest.xml:17:9-23:20
24-->src\main\AndroidManifest.xml:17:19-77
25            <intent-filter>
25-->src\main\AndroidManifest.xml:18:13-22:29
26                <action android:name="android.intent.action.MAIN" />
26-->src\main\AndroidManifest.xml:19:17-69
26-->src\main\AndroidManifest.xml:19:25-66
27
28                <category android:name="android.intent.category.LAUNCHER" />
28-->src\main\AndroidManifest.xml:21:17-77
28-->src\main\AndroidManifest.xml:21:27-74
29            </intent-filter>
30        </activity>
31        <activity android:name="com.jnicovm.mercado_libre_prueba.activities.detailActivities.DetailActivity" />
31-->src\main\AndroidManifest.xml:24:9-79
31-->src\main\AndroidManifest.xml:24:19-77
32
33        <provider
33-->[com.readystatesoftware.chuck:library:1.1.0] AndroidManifest.xml:23:9-26:40
34            android:name="com.readystatesoftware.chuck.internal.data.ChuckContentProvider"
34-->[com.readystatesoftware.chuck:library:1.1.0] AndroidManifest.xml:24:13-91
35            android:authorities="com.jnicovm.mercado_libre_prueba.chuck.provider"
35-->[com.readystatesoftware.chuck:library:1.1.0] AndroidManifest.xml:25:13-66
36            android:exported="false" />
36-->[com.readystatesoftware.chuck:library:1.1.0] AndroidManifest.xml:26:13-37
37
38        <activity
38-->[com.readystatesoftware.chuck:library:1.1.0] AndroidManifest.xml:28:9-33:50
39            android:name="com.readystatesoftware.chuck.internal.ui.MainActivity"
39-->[com.readystatesoftware.chuck:library:1.1.0] AndroidManifest.xml:29:13-81
40            android:label="@string/chuck_name"
40-->[com.readystatesoftware.chuck:library:1.1.0] AndroidManifest.xml:30:13-47
41            android:launchMode="singleTask"
41-->[com.readystatesoftware.chuck:library:1.1.0] AndroidManifest.xml:31:13-44
42            android:taskAffinity="com.readystatesoftware.chuck.task"
42-->[com.readystatesoftware.chuck:library:1.1.0] AndroidManifest.xml:32:13-69
43            android:theme="@style/Chuck.Theme" />
43-->[com.readystatesoftware.chuck:library:1.1.0] AndroidManifest.xml:33:13-47
44        <activity
44-->[com.readystatesoftware.chuck:library:1.1.0] AndroidManifest.xml:34:9-37:50
45            android:name="com.readystatesoftware.chuck.internal.ui.TransactionActivity"
45-->[com.readystatesoftware.chuck:library:1.1.0] AndroidManifest.xml:35:13-88
46            android:parentActivityName="com.readystatesoftware.chuck.internal.ui.MainActivity"
46-->[com.readystatesoftware.chuck:library:1.1.0] AndroidManifest.xml:36:13-95
47            android:theme="@style/Chuck.Theme" />
47-->[com.readystatesoftware.chuck:library:1.1.0] AndroidManifest.xml:37:13-47
48
49        <service
49-->[com.readystatesoftware.chuck:library:1.1.0] AndroidManifest.xml:39:9-41:40
50            android:name="com.readystatesoftware.chuck.internal.support.ClearTransactionsService"
50-->[com.readystatesoftware.chuck:library:1.1.0] AndroidManifest.xml:40:13-98
51            android:exported="false" />
51-->[com.readystatesoftware.chuck:library:1.1.0] AndroidManifest.xml:41:13-37
52
53        <provider
53-->[com.squareup.picasso:picasso:2.71828] AndroidManifest.xml:8:9-11:40
54            android:name="com.squareup.picasso.PicassoProvider"
54-->[com.squareup.picasso:picasso:2.71828] AndroidManifest.xml:9:13-64
55            android:authorities="com.jnicovm.mercado_libre_prueba.com.squareup.picasso"
55-->[com.squareup.picasso:picasso:2.71828] AndroidManifest.xml:10:13-72
56            android:exported="false" />
56-->[com.squareup.picasso:picasso:2.71828] AndroidManifest.xml:11:13-37
57    </application>
58
59</manifest>